{"$message_type":"diagnostic","message":"unresolved import `derive_builder`","code":{"code":"E0432","explanation":"An import was unresolved.\n\nErroneous code example:\n\n```compile_fail,E0432\nuse something::Foo; // error: unresolved import `something::Foo`.\n```\n\nIn Rust 2015, paths in `use` statements are relative to the crate root. To\nimport items relative to the current and parent modules, use the `self::` and\n`super::` prefixes, respectively.\n\nIn Rust 2018 or later, paths in `use` statements are relative to the current\nmodule unless they begin with the name of a crate or a literal `crate::`, in\nwhich case they start from the crate root. As in Rust 2015 code, the `self::`\nand `super::` prefixes refer to the current and parent modules respectively.\n\nAlso verify that you didn't misspell the import name and that the import exists\nin the module from where you tried to import it. Example:\n\n```\nuse self::something::Foo; // Ok.\n\nmod something {\n    pub struct Foo;\n}\n# fn main() {}\n```\n\nIf you tried to use a module from an external crate and are using Rust 2015,\nyou may have missed the `extern crate` declaration (which is usually placed in\nthe crate root):\n\n```edition2015\nextern crate core; // Required to use the `core` crate in Rust 2015.\n\nuse core::any;\n# fn main() {}\n```\n\nSince Rust 2018 the `extern crate` declaration is not required and\nyou can instead just `use` it:\n\n```edition2018\nuse core::any; // No extern crate required in Rust 2018.\n# fn main() {}\n```\n"},"level":"error","spans":[{"file_name":"src/utils/mod.rs","byte_start":23,"byte_end":37,"line_start":3,"line_end":3,"column_start":5,"column_end":19,"is_primary":true,"text":[{"text":"use derive_builder::Builder;","highlight_start":5,"highlight_end":19}],"label":"you might be missing crate `derive_builder`","suggested_replacement":null,"suggestion_applicability":null,"expansion":null}],"children":[{"message":"consider importing the `derive_builder` crate","code":null,"level":"help","spans":[{"file_name":"src/lib.rs","byte_start":0,"byte_end":0,"line_start":1,"line_end":1,"column_start":1,"column_end":1,"is_primary":true,"text":[],"label":null,"suggested_replacement":"extern crate derive_builder;\n","suggestion_applicability":"MaybeIncorrect","expansion":null}],"children":[],"rendered":null}],"rendered":"\u001b[0m\u001b[1m\u001b[38;5;9merror[E0432]\u001b[0m\u001b[0m\u001b[1m: unresolved import `derive_builder`\u001b[0m\n\u001b[0m \u001b[0m\u001b[0m\u001b[1m\u001b[38;5;12m--> \u001b[0m\u001b[0msrc/utils/mod.rs:3:5\u001b[0m\n\u001b[0m  \u001b[0m\u001b[0m\u001b[1m\u001b[38;5;12m|\u001b[0m\n\u001b[0m\u001b[1m\u001b[38;5;12m3\u001b[0m\u001b[0m \u001b[0m\u001b[0m\u001b[1m\u001b[38;5;12m|\u001b[0m\u001b[0m \u001b[0m\u001b[0muse derive_builder::Builder;\u001b[0m\n\u001b[0m  \u001b[0m\u001b[0m\u001b[1m\u001b[38;5;12m|\u001b[0m\u001b[0m     \u001b[0m\u001b[0m\u001b[1m\u001b[38;5;9m^^^^^^^^^^^^^^\u001b[0m\u001b[0m \u001b[0m\u001b[0m\u001b[1m\u001b[38;5;9myou might be missing crate `derive_builder`\u001b[0m\n\u001b[0m  \u001b[0m\u001b[0m\u001b[1m\u001b[38;5;12m|\u001b[0m\n\u001b[0m\u001b[1m\u001b[38;5;14mhelp\u001b[0m\u001b[0m: consider importing the `derive_builder` crate\u001b[0m\n\u001b[0m \u001b[0m\u001b[0m\u001b[1m\u001b[38;5;12m--> \u001b[0m\u001b[0msrc/lib.rs:1:1\u001b[0m\n\u001b[0m  \u001b[0m\u001b[0m\u001b[1m\u001b[38;5;12m|\u001b[0m\n\u001b[0m\u001b[1m\u001b[38;5;12m1\u001b[0m\u001b[0m \u001b[0m\u001b[0m\u001b[38;5;10m+ extern crate derive_builder;\u001b[0m\n\u001b[0m  \u001b[0m\u001b[0m\u001b[1m\u001b[38;5;12m|\u001b[0m\n\n"}
{"$message_type":"diagnostic","message":"failed to resolve: you might be missing crate `chrono`","code":{"code":"E0433","explanation":"An undeclared crate, module, or type was used.\n\nErroneous code example:\n\n```compile_fail,E0433\nlet map = HashMap::new();\n// error: failed to resolve: use of undeclared type `HashMap`\n```\n\nPlease verify you didn't misspell the type/module's name or that you didn't\nforget to import it:\n\n```\nuse std::collections::HashMap; // HashMap has been imported.\nlet map: HashMap<u32, u32> = HashMap::new(); // So it can be used!\n```\n\nIf you've expected to use a crate name:\n\n```compile_fail\nuse ferris_wheel::BigO;\n// error: failed to resolve: use of undeclared crate or module `ferris_wheel`\n```\n\nMake sure the crate has been added as a dependency in `Cargo.toml`.\n\nTo use a module from your current crate, add the `crate::` prefix to the path.\n"},"level":"error","spans":[{"file_name":"src/utils/mod.rs","byte_start":74,"byte_end":80,"line_start":6,"line_end":6,"column_start":5,"column_end":11,"is_primary":true,"text":[{"text":"use chrono::prelude::*;","highlight_start":5,"highlight_end":11}],"label":"you might be missing crate `chrono`","suggested_replacement":null,"suggestion_applicability":null,"expansion":null}],"children":[{"message":"consider importing the `chrono` crate","code":null,"level":"help","spans":[{"file_name":"src/lib.rs","byte_start":0,"byte_end":0,"line_start":1,"line_end":1,"column_start":1,"column_end":1,"is_primary":true,"text":[],"label":null,"suggested_replacement":"extern crate chrono;\n","suggestion_applicability":"MaybeIncorrect","expansion":null}],"children":[],"rendered":null}],"rendered":"\u001b[0m\u001b[1m\u001b[38;5;9merror[E0433]\u001b[0m\u001b[0m\u001b[1m: failed to resolve: you might be missing crate `chrono`\u001b[0m\n\u001b[0m \u001b[0m\u001b[0m\u001b[1m\u001b[38;5;12m--> \u001b[0m\u001b[0msrc/utils/mod.rs:6:5\u001b[0m\n\u001b[0m  \u001b[0m\u001b[0m\u001b[1m\u001b[38;5;12m|\u001b[0m\n\u001b[0m\u001b[1m\u001b[38;5;12m6\u001b[0m\u001b[0m \u001b[0m\u001b[0m\u001b[1m\u001b[38;5;12m|\u001b[0m\u001b[0m \u001b[0m\u001b[0muse chrono::prelude::*;\u001b[0m\n\u001b[0m  \u001b[0m\u001b[0m\u001b[1m\u001b[38;5;12m|\u001b[0m\u001b[0m     \u001b[0m\u001b[0m\u001b[1m\u001b[38;5;9m^^^^^^\u001b[0m\u001b[0m \u001b[0m\u001b[0m\u001b[1m\u001b[38;5;9myou might be missing crate `chrono`\u001b[0m\n\u001b[0m  \u001b[0m\u001b[0m\u001b[1m\u001b[38;5;12m|\u001b[0m\n\u001b[0m\u001b[1m\u001b[38;5;14mhelp\u001b[0m\u001b[0m: consider importing the `chrono` crate\u001b[0m\n\u001b[0m \u001b[0m\u001b[0m\u001b[1m\u001b[38;5;12m--> \u001b[0m\u001b[0msrc/lib.rs:1:1\u001b[0m\n\u001b[0m  \u001b[0m\u001b[0m\u001b[1m\u001b[38;5;12m|\u001b[0m\n\u001b[0m\u001b[1m\u001b[38;5;12m1\u001b[0m\u001b[0m \u001b[0m\u001b[0m\u001b[38;5;10m+ extern crate chrono;\u001b[0m\n\u001b[0m  \u001b[0m\u001b[0m\u001b[1m\u001b[38;5;12m|\u001b[0m\n\n"}
{"$message_type":"diagnostic","message":"unresolved import `derive_new`","code":{"code":"E0432","explanation":"An import was unresolved.\n\nErroneous code example:\n\n```compile_fail,E0432\nuse something::Foo; // error: unresolved import `something::Foo`.\n```\n\nIn Rust 2015, paths in `use` statements are relative to the crate root. To\nimport items relative to the current and parent modules, use the `self::` and\n`super::` prefixes, respectively.\n\nIn Rust 2018 or later, paths in `use` statements are relative to the current\nmodule unless they begin with the name of a crate or a literal `crate::`, in\nwhich case they start from the crate root. As in Rust 2015 code, the `self::`\nand `super::` prefixes refer to the current and parent modules respectively.\n\nAlso verify that you didn't misspell the import name and that the import exists\nin the module from where you tried to import it. Example:\n\n```\nuse self::something::Foo; // Ok.\n\nmod something {\n    pub struct Foo;\n}\n# fn main() {}\n```\n\nIf you tried to use a module from an external crate and are using Rust 2015,\nyou may have missed the `extern crate` declaration (which is usually placed in\nthe crate root):\n\n```edition2015\nextern crate core; // Required to use the `core` crate in Rust 2015.\n\nuse core::any;\n# fn main() {}\n```\n\nSince Rust 2018 the `extern crate` declaration is not required and\nyou can instead just `use` it:\n\n```edition2018\nuse core::any; // No extern crate required in Rust 2018.\n# fn main() {}\n```\n"},"level":"error","spans":[{"file_name":"src/utils/mod.rs","byte_start":52,"byte_end":62,"line_start":4,"line_end":4,"column_start":5,"column_end":15,"is_primary":true,"text":[{"text":"use derive_new::new;","highlight_start":5,"highlight_end":15}],"label":"you might be missing crate `derive_new`","suggested_replacement":null,"suggestion_applicability":null,"expansion":null}],"children":[{"message":"consider importing the `derive_new` crate","code":null,"level":"help","spans":[{"file_name":"src/lib.rs","byte_start":0,"byte_end":0,"line_start":1,"line_end":1,"column_start":1,"column_end":1,"is_primary":true,"text":[],"label":null,"suggested_replacement":"extern crate derive_new;\n","suggestion_applicability":"MaybeIncorrect","expansion":null}],"children":[],"rendered":null}],"rendered":"\u001b[0m\u001b[1m\u001b[38;5;9merror[E0432]\u001b[0m\u001b[0m\u001b[1m: unresolved import `derive_new`\u001b[0m\n\u001b[0m \u001b[0m\u001b[0m\u001b[1m\u001b[38;5;12m--> \u001b[0m\u001b[0msrc/utils/mod.rs:4:5\u001b[0m\n\u001b[0m  \u001b[0m\u001b[0m\u001b[1m\u001b[38;5;12m|\u001b[0m\n\u001b[0m\u001b[1m\u001b[38;5;12m4\u001b[0m\u001b[0m \u001b[0m\u001b[0m\u001b[1m\u001b[38;5;12m|\u001b[0m\u001b[0m \u001b[0m\u001b[0muse derive_new::new;\u001b[0m\n\u001b[0m  \u001b[0m\u001b[0m\u001b[1m\u001b[38;5;12m|\u001b[0m\u001b[0m     \u001b[0m\u001b[0m\u001b[1m\u001b[38;5;9m^^^^^^^^^^\u001b[0m\u001b[0m \u001b[0m\u001b[0m\u001b[1m\u001b[38;5;9myou might be missing crate `derive_new`\u001b[0m\n\u001b[0m  \u001b[0m\u001b[0m\u001b[1m\u001b[38;5;12m|\u001b[0m\n\u001b[0m\u001b[1m\u001b[38;5;14mhelp\u001b[0m\u001b[0m: consider importing the `derive_new` crate\u001b[0m\n\u001b[0m \u001b[0m\u001b[0m\u001b[1m\u001b[38;5;12m--> \u001b[0m\u001b[0msrc/lib.rs:1:1\u001b[0m\n\u001b[0m  \u001b[0m\u001b[0m\u001b[1m\u001b[38;5;12m|\u001b[0m\n\u001b[0m\u001b[1m\u001b[38;5;12m1\u001b[0m\u001b[0m \u001b[0m\u001b[0m\u001b[38;5;10m+ extern crate derive_new;\u001b[0m\n\u001b[0m  \u001b[0m\u001b[0m\u001b[1m\u001b[38;5;12m|\u001b[0m\n\n"}
{"$message_type":"diagnostic","message":"cannot find type `DateTime` in this scope","code":{"code":"E0412","explanation":"A used type name is not in scope.\n\nErroneous code examples:\n\n```compile_fail,E0412\nimpl Something {} // error: type name `Something` is not in scope\n\n// or:\n\ntrait Foo {\n    fn bar(N); // error: type name `N` is not in scope\n}\n\n// or:\n\nfn foo(x: T) {} // type name `T` is not in scope\n```\n\nTo fix this error, please verify you didn't misspell the type name, you did\ndeclare it or imported it into the scope. Examples:\n\n```\nstruct Something;\n\nimpl Something {} // ok!\n\n// or:\n\ntrait Foo {\n    type N;\n\n    fn bar(_: Self::N); // ok!\n}\n\n// or:\n\nfn foo<T>(x: T) {} // ok!\n```\n\nAnother case that causes this error is when a type is imported into a parent\nmodule. To fix this, you can follow the suggestion and use File directly or\n`use super::File;` which will import the types from the parent namespace. An\nexample that causes this error is below:\n\n```compile_fail,E0412\nuse std::fs::File;\n\nmod foo {\n    fn some_function(f: File) {}\n}\n```\n\n```\nuse std::fs::File;\n\nmod foo {\n    // either\n    use super::File;\n    // or\n    // use std::fs::File;\n    fn foo(f: File) {}\n}\n# fn main() {} // don't insert it for us; that'll break imports\n```\n"},"level":"error","spans":[{"file_name":"src/utils/mod.rs","byte_start":164,"byte_end":172,"line_start":9,"line_end":9,"column_start":17,"column_end":25,"is_primary":true,"text":[{"text":"pub type Date = DateTime<Utc>;","highlight_start":17,"highlight_end":25}],"label":"not found in this scope","suggested_replacement":null,"suggestion_applicability":null,"expansion":null}],"children":[],"rendered":"\u001b[0m\u001b[1m\u001b[38;5;9merror[E0412]\u001b[0m\u001b[0m\u001b[1m: cannot find type `DateTime` in this scope\u001b[0m\n\u001b[0m \u001b[0m\u001b[0m\u001b[1m\u001b[38;5;12m--> \u001b[0m\u001b[0msrc/utils/mod.rs:9:17\u001b[0m\n\u001b[0m  \u001b[0m\u001b[0m\u001b[1m\u001b[38;5;12m|\u001b[0m\n\u001b[0m\u001b[1m\u001b[38;5;12m9\u001b[0m\u001b[0m \u001b[0m\u001b[0m\u001b[1m\u001b[38;5;12m|\u001b[0m\u001b[0m \u001b[0m\u001b[0mpub type Date = DateTime<Utc>;\u001b[0m\n\u001b[0m  \u001b[0m\u001b[0m\u001b[1m\u001b[38;5;12m|\u001b[0m\u001b[0m                 \u001b[0m\u001b[0m\u001b[1m\u001b[38;5;9m^^^^^^^^\u001b[0m\u001b[0m \u001b[0m\u001b[0m\u001b[1m\u001b[38;5;9mnot found in this scope\u001b[0m\n\n"}
{"$message_type":"diagnostic","message":"cannot find type `Utc` in this scope","code":{"code":"E0412","explanation":"A used type name is not in scope.\n\nErroneous code examples:\n\n```compile_fail,E0412\nimpl Something {} // error: type name `Something` is not in scope\n\n// or:\n\ntrait Foo {\n    fn bar(N); // error: type name `N` is not in scope\n}\n\n// or:\n\nfn foo(x: T) {} // type name `T` is not in scope\n```\n\nTo fix this error, please verify you didn't misspell the type name, you did\ndeclare it or imported it into the scope. Examples:\n\n```\nstruct Something;\n\nimpl Something {} // ok!\n\n// or:\n\ntrait Foo {\n    type N;\n\n    fn bar(_: Self::N); // ok!\n}\n\n// or:\n\nfn foo<T>(x: T) {} // ok!\n```\n\nAnother case that causes this error is when a type is imported into a parent\nmodule. To fix this, you can follow the suggestion and use File directly or\n`use super::File;` which will import the types from the parent namespace. An\nexample that causes this error is below:\n\n```compile_fail,E0412\nuse std::fs::File;\n\nmod foo {\n    fn some_function(f: File) {}\n}\n```\n\n```\nuse std::fs::File;\n\nmod foo {\n    // either\n    use super::File;\n    // or\n    // use std::fs::File;\n    fn foo(f: File) {}\n}\n# fn main() {} // don't insert it for us; that'll break imports\n```\n"},"level":"error","spans":[{"file_name":"src/utils/mod.rs","byte_start":173,"byte_end":176,"line_start":9,"line_end":9,"column_start":26,"column_end":29,"is_primary":true,"text":[{"text":"pub type Date = DateTime<Utc>;","highlight_start":26,"highlight_end":29}],"label":"not found in this scope","suggested_replacement":null,"suggestion_applicability":null,"expansion":null}],"children":[{"message":"you might be missing a type parameter","code":null,"level":"help","spans":[{"file_name":"src/utils/mod.rs","byte_start":161,"byte_end":161,"line_start":9,"line_end":9,"column_start":14,"column_end":14,"is_primary":true,"text":[{"text":"pub type Date = DateTime<Utc>;","highlight_start":14,"highlight_end":14}],"label":null,"suggested_replacement":"<Utc>","suggestion_applicability":"MaybeIncorrect","expansion":null}],"children":[],"rendered":null}],"rendered":"\u001b[0m\u001b[1m\u001b[38;5;9merror[E0412]\u001b[0m\u001b[0m\u001b[1m: cannot find type `Utc` in this scope\u001b[0m\n\u001b[0m \u001b[0m\u001b[0m\u001b[1m\u001b[38;5;12m--> \u001b[0m\u001b[0msrc/utils/mod.rs:9:26\u001b[0m\n\u001b[0m  \u001b[0m\u001b[0m\u001b[1m\u001b[38;5;12m|\u001b[0m\n\u001b[0m\u001b[1m\u001b[38;5;12m9\u001b[0m\u001b[0m \u001b[0m\u001b[0m\u001b[1m\u001b[38;5;12m|\u001b[0m\u001b[0m \u001b[0m\u001b[0mpub type Date = DateTime<Utc>;\u001b[0m\n\u001b[0m  \u001b[0m\u001b[0m\u001b[1m\u001b[38;5;12m|\u001b[0m\u001b[0m                          \u001b[0m\u001b[0m\u001b[1m\u001b[38;5;9m^^^\u001b[0m\u001b[0m \u001b[0m\u001b[0m\u001b[1m\u001b[38;5;9mnot found in this scope\u001b[0m\n\u001b[0m  \u001b[0m\u001b[0m\u001b[1m\u001b[38;5;12m|\u001b[0m\n\u001b[0m\u001b[1m\u001b[38;5;14mhelp\u001b[0m\u001b[0m: you might be missing a type parameter\u001b[0m\n\u001b[0m  \u001b[0m\u001b[0m\u001b[1m\u001b[38;5;12m|\u001b[0m\n\u001b[0m\u001b[1m\u001b[38;5;12m9\u001b[0m\u001b[0m \u001b[0m\u001b[0m\u001b[1m\u001b[38;5;12m| \u001b[0m\u001b[0mpub type Date\u001b[0m\u001b[0m\u001b[38;5;10m<Utc>\u001b[0m\u001b[0m = DateTime<Utc>;\u001b[0m\n\u001b[0m  \u001b[0m\u001b[0m\u001b[1m\u001b[38;5;12m|\u001b[0m\u001b[0m              \u001b[0m\u001b[0m\u001b[38;5;10m+++++\u001b[0m\n\n"}
{"$message_type":"diagnostic","message":"no function or associated item named `new` found for struct `StrongContext` in the current scope","code":{"code":"E0599","explanation":"This error occurs when a method is used on a type which doesn't implement it:\n\nErroneous code example:\n\n```compile_fail,E0599\nstruct Mouth;\n\nlet x = Mouth;\nx.chocolate(); // error: no method named `chocolate` found for type `Mouth`\n               //        in the current scope\n```\n\nIn this case, you need to implement the `chocolate` method to fix the error:\n\n```\nstruct Mouth;\n\nimpl Mouth {\n    fn chocolate(&self) { // We implement the `chocolate` method here.\n        println!(\"Hmmm! I love chocolate!\");\n    }\n}\n\nlet x = Mouth;\nx.chocolate(); // ok!\n```\n"},"level":"error","spans":[{"file_name":"src/utils/mod.rs","byte_start":840,"byte_end":843,"line_start":36,"line_end":36,"column_start":15,"column_end":18,"is_primary":true,"text":[{"text":"        Self::new(Arc::new(Mutex::new(t)))","highlight_start":15,"highlight_end":18}],"label":"function or associated item not found in `StrongContext<T>`","suggested_replacement":null,"suggestion_applicability":null,"expansion":null},{"file_name":"src/utils/mod.rs","byte_start":265,"byte_end":292,"line_start":13,"line_end":13,"column_start":1,"column_end":28,"is_primary":false,"text":[{"text":"pub struct StrongContext<T> {","highlight_start":1,"highlight_end":28}],"label":"function or associated item `new` not found for this struct","suggested_replacement":null,"suggestion_applicability":null,"expansion":null}],"children":[],"rendered":"\u001b[0m\u001b[1m\u001b[38;5;9merror[E0599]\u001b[0m\u001b[0m\u001b[1m: no function or associated item named `new` found for struct `StrongContext` in the current scope\u001b[0m\n\u001b[0m  \u001b[0m\u001b[0m\u001b[1m\u001b[38;5;12m--> \u001b[0m\u001b[0msrc/utils/mod.rs:36:15\u001b[0m\n\u001b[0m   \u001b[0m\u001b[0m\u001b[1m\u001b[38;5;12m|\u001b[0m\n\u001b[0m\u001b[1m\u001b[38;5;12m13\u001b[0m\u001b[0m \u001b[0m\u001b[0m\u001b[1m\u001b[38;5;12m|\u001b[0m\u001b[0m \u001b[0m\u001b[0mpub struct StrongContext<T> {\u001b[0m\n\u001b[0m   \u001b[0m\u001b[0m\u001b[1m\u001b[38;5;12m|\u001b[0m\u001b[0m \u001b[0m\u001b[0m\u001b[1m\u001b[38;5;12m---------------------------\u001b[0m\u001b[0m \u001b[0m\u001b[0m\u001b[1m\u001b[38;5;12mfunction or associated item `new` not found for this struct\u001b[0m\n\u001b[0m\u001b[1m\u001b[38;5;12m...\u001b[0m\n\u001b[0m\u001b[1m\u001b[38;5;12m36\u001b[0m\u001b[0m \u001b[0m\u001b[0m\u001b[1m\u001b[38;5;12m|\u001b[0m\u001b[0m \u001b[0m\u001b[0m        Self::new(Arc::new(Mutex::new(t)))\u001b[0m\n\u001b[0m   \u001b[0m\u001b[0m\u001b[1m\u001b[38;5;12m|\u001b[0m\u001b[0m               \u001b[0m\u001b[0m\u001b[1m\u001b[38;5;9m^^^\u001b[0m\u001b[0m \u001b[0m\u001b[0m\u001b[1m\u001b[38;5;9mfunction or associated item not found in `StrongContext<T>`\u001b[0m\n\n"}
{"$message_type":"diagnostic","message":"no function or associated item named `new` found for struct `StrongContext` in the current scope","code":{"code":"E0599","explanation":"This error occurs when a method is used on a type which doesn't implement it:\n\nErroneous code example:\n\n```compile_fail,E0599\nstruct Mouth;\n\nlet x = Mouth;\nx.chocolate(); // error: no method named `chocolate` found for type `Mouth`\n               //        in the current scope\n```\n\nIn this case, you need to implement the `chocolate` method to fix the error:\n\n```\nstruct Mouth;\n\nimpl Mouth {\n    fn chocolate(&self) { // We implement the `chocolate` method here.\n        println!(\"Hmmm! I love chocolate!\");\n    }\n}\n\nlet x = Mouth;\nx.chocolate(); // ok!\n```\n"},"level":"error","spans":[{"file_name":"src/utils/mod.rs","byte_start":1090,"byte_end":1093,"line_start":42,"line_end":42,"column_start":40,"column_end":43,"is_primary":true,"text":[{"text":"            return Some(StrongContext::new(c));","highlight_start":40,"highlight_end":43}],"label":"function or associated item not found in `StrongContext<_>`","suggested_replacement":null,"suggestion_applicability":null,"expansion":null},{"file_name":"src/utils/mod.rs","byte_start":265,"byte_end":292,"line_start":13,"line_end":13,"column_start":1,"column_end":28,"is_primary":false,"text":[{"text":"pub struct StrongContext<T> {","highlight_start":1,"highlight_end":28}],"label":"function or associated item `new` not found for this struct","suggested_replacement":null,"suggestion_applicability":null,"expansion":null}],"children":[{"message":"there is a method `ne` with a similar name","code":null,"level":"help","spans":[{"file_name":"src/utils/mod.rs","byte_start":1090,"byte_end":1093,"line_start":42,"line_end":42,"column_start":40,"column_end":43,"is_primary":true,"text":[{"text":"            return Some(StrongContext::new(c));","highlight_start":40,"highlight_end":43}],"label":null,"suggested_replacement":"ne","suggestion_applicability":"MaybeIncorrect","expansion":null}],"children":[],"rendered":null}],"rendered":"\u001b[0m\u001b[1m\u001b[38;5;9merror[E0599]\u001b[0m\u001b[0m\u001b[1m: no function or associated item named `new` found for struct `StrongContext` in the current scope\u001b[0m\n\u001b[0m  \u001b[0m\u001b[0m\u001b[1m\u001b[38;5;12m--> \u001b[0m\u001b[0msrc/utils/mod.rs:42:40\u001b[0m\n\u001b[0m   \u001b[0m\u001b[0m\u001b[1m\u001b[38;5;12m|\u001b[0m\n\u001b[0m\u001b[1m\u001b[38;5;12m13\u001b[0m\u001b[0m \u001b[0m\u001b[0m\u001b[1m\u001b[38;5;12m|\u001b[0m\u001b[0m \u001b[0m\u001b[0mpub struct StrongContext<T> {\u001b[0m\n\u001b[0m   \u001b[0m\u001b[0m\u001b[1m\u001b[38;5;12m|\u001b[0m\u001b[0m \u001b[0m\u001b[0m\u001b[1m\u001b[38;5;12m---------------------------\u001b[0m\u001b[0m \u001b[0m\u001b[0m\u001b[1m\u001b[38;5;12mfunction or associated item `new` not found for this struct\u001b[0m\n\u001b[0m\u001b[1m\u001b[38;5;12m...\u001b[0m\n\u001b[0m\u001b[1m\u001b[38;5;12m42\u001b[0m\u001b[0m \u001b[0m\u001b[0m\u001b[1m\u001b[38;5;12m|\u001b[0m\u001b[0m \u001b[0m\u001b[0m            return Some(StrongContext::new(c));\u001b[0m\n\u001b[0m   \u001b[0m\u001b[0m\u001b[1m\u001b[38;5;12m|\u001b[0m\u001b[0m                                        \u001b[0m\u001b[0m\u001b[1m\u001b[38;5;9m^^^\u001b[0m\u001b[0m \u001b[0m\u001b[0m\u001b[1m\u001b[38;5;9mfunction or associated item not found in `StrongContext<_>`\u001b[0m\n\u001b[0m   \u001b[0m\u001b[0m\u001b[1m\u001b[38;5;12m|\u001b[0m\n\u001b[0m\u001b[1m\u001b[38;5;14mhelp\u001b[0m\u001b[0m: there is a method `ne` with a similar name\u001b[0m\n\u001b[0m   \u001b[0m\u001b[0m\u001b[1m\u001b[38;5;12m|\u001b[0m\n\u001b[0m\u001b[1m\u001b[38;5;12m42\u001b[0m\u001b[0m \u001b[0m\u001b[0m\u001b[1m\u001b[38;5;12m| \u001b[0m\u001b[0m            return Some(StrongContext::\u001b[0m\u001b[0m\u001b[38;5;10mne\u001b[0m\u001b[0m(c));\u001b[0m\n\u001b[0m   \u001b[0m\u001b[0m\u001b[1m\u001b[38;5;12m|\u001b[0m\u001b[0m                                        \u001b[0m\u001b[0m\u001b[38;5;10m~~\u001b[0m\n\n"}
{"$message_type":"diagnostic","message":"no function or associated item named `new` found for struct `WeakContext` in the current scope","code":{"code":"E0599","explanation":"This error occurs when a method is used on a type which doesn't implement it:\n\nErroneous code example:\n\n```compile_fail,E0599\nstruct Mouth;\n\nlet x = Mouth;\nx.chocolate(); // error: no method named `chocolate` found for type `Mouth`\n               //        in the current scope\n```\n\nIn this case, you need to implement the `chocolate` method to fix the error:\n\n```\nstruct Mouth;\n\nimpl Mouth {\n    fn chocolate(&self) { // We implement the `chocolate` method here.\n        println!(\"Hmmm! I love chocolate!\");\n    }\n}\n\nlet x = Mouth;\nx.chocolate(); // ok!\n```\n"},"level":"error","spans":[{"file_name":"src/utils/mod.rs","byte_start":2007,"byte_end":2010,"line_start":77,"line_end":77,"column_start":15,"column_end":18,"is_primary":true,"text":[{"text":"        Self::new(Arc::downgrade(&other.context))","highlight_start":15,"highlight_end":18}],"label":"function or associated item not found in `WeakContext<T>`","suggested_replacement":null,"suggestion_applicability":null,"expansion":null},{"file_name":"src/utils/mod.rs","byte_start":1214,"byte_end":1239,"line_start":50,"line_end":50,"column_start":1,"column_end":26,"is_primary":false,"text":[{"text":"pub struct WeakContext<T> {","highlight_start":1,"highlight_end":26}],"label":"function or associated item `new` not found for this struct","suggested_replacement":null,"suggestion_applicability":null,"expansion":null}],"children":[],"rendered":"\u001b[0m\u001b[1m\u001b[38;5;9merror[E0599]\u001b[0m\u001b[0m\u001b[1m: no function or associated item named `new` found for struct `WeakContext` in the current scope\u001b[0m\n\u001b[0m  \u001b[0m\u001b[0m\u001b[1m\u001b[38;5;12m--> \u001b[0m\u001b[0msrc/utils/mod.rs:77:15\u001b[0m\n\u001b[0m   \u001b[0m\u001b[0m\u001b[1m\u001b[38;5;12m|\u001b[0m\n\u001b[0m\u001b[1m\u001b[38;5;12m50\u001b[0m\u001b[0m \u001b[0m\u001b[0m\u001b[1m\u001b[38;5;12m|\u001b[0m\u001b[0m \u001b[0m\u001b[0mpub struct WeakContext<T> {\u001b[0m\n\u001b[0m   \u001b[0m\u001b[0m\u001b[1m\u001b[38;5;12m|\u001b[0m\u001b[0m \u001b[0m\u001b[0m\u001b[1m\u001b[38;5;12m-------------------------\u001b[0m\u001b[0m \u001b[0m\u001b[0m\u001b[1m\u001b[38;5;12mfunction or associated item `new` not found for this struct\u001b[0m\n\u001b[0m\u001b[1m\u001b[38;5;12m...\u001b[0m\n\u001b[0m\u001b[1m\u001b[38;5;12m77\u001b[0m\u001b[0m \u001b[0m\u001b[0m\u001b[1m\u001b[38;5;12m|\u001b[0m\u001b[0m \u001b[0m\u001b[0m        Self::new(Arc::downgrade(&other.context))\u001b[0m\n\u001b[0m   \u001b[0m\u001b[0m\u001b[1m\u001b[38;5;12m|\u001b[0m\u001b[0m               \u001b[0m\u001b[0m\u001b[1m\u001b[38;5;9m^^^\u001b[0m\u001b[0m \u001b[0m\u001b[0m\u001b[1m\u001b[38;5;9mfunction or associated item not found in `WeakContext<T>`\u001b[0m\n\n"}
{"$message_type":"diagnostic","message":"binary operation `==` cannot be applied to type `Container<Node>`","code":{"code":"E0369","explanation":"A binary operation was attempted on a type which doesn't support it.\n\nErroneous code example:\n\n```compile_fail,E0369\nlet x = 12f32; // error: binary operation `<<` cannot be applied to\n               //        type `f32`\n\nx << 2;\n```\n\nTo fix this error, please check that this type implements this binary\noperation. Example:\n\n```\nlet x = 12u32; // the `u32` type does implement it:\n               // https://doc.rust-lang.org/stable/std/ops/trait.Shl.html\n\nx << 2; // ok!\n```\n\nIt is also possible to overload most operators for your own type by\nimplementing traits from `std::ops`.\n\nString concatenation appends the string on the right to the string on the\nleft and may require reallocation. This requires ownership of the string\non the left. If something should be added to a string literal, move the\nliteral to the heap by allocating it with `to_owned()` like in\n`\"Your text\".to_owned()`.\n"},"level":"error","spans":[{"file_name":"src/utils/mod.rs","byte_start":4017,"byte_end":4038,"line_start":161,"line_end":161,"column_start":5,"column_end":26,"is_primary":true,"text":[{"text":"    bundle: NodeContainer,","highlight_start":5,"highlight_end":26}],"label":null,"suggested_replacement":null,"suggestion_applicability":null,"expansion":{"span":{"file_name":"src/utils/mod.rs","byte_start":3976,"byte_end":3985,"line_start":159,"line_end":159,"column_start":26,"column_end":35,"is_primary":false,"text":[{"text":"#[derive(Builder, Clone, PartialEq)]","highlight_start":26,"highlight_end":35}],"label":null,"suggested_replacement":null,"suggestion_applicability":null,"expansion":null},"macro_decl_name":"#[derive(PartialEq)]","def_site_span":{"file_name":"/home/malte/.rustup/toolchains/stable-x86_64-unknown-linux-gnu/lib/rustlib/src/rust/library/core/src/cmp.rs","byte_start":10027,"byte_end":10046,"line_start":271,"line_end":271,"column_start":1,"column_end":20,"is_primary":false,"text":[{"text":"pub macro PartialEq($item:item) {","highlight_start":1,"highlight_end":20}],"label":null,"suggested_replacement":null,"suggestion_applicability":null,"expansion":null}}}],"children":[],"rendered":"\u001b[0m\u001b[1m\u001b[38;5;9merror[E0369]\u001b[0m\u001b[0m\u001b[1m: binary operation `==` cannot be applied to type `Container<Node>`\u001b[0m\n\u001b[0m   \u001b[0m\u001b[0m\u001b[1m\u001b[38;5;12m--> \u001b[0m\u001b[0msrc/utils/mod.rs:161:5\u001b[0m\n\u001b[0m    \u001b[0m\u001b[0m\u001b[1m\u001b[38;5;12m|\u001b[0m\n\u001b[0m\u001b[1m\u001b[38;5;12m159\u001b[0m\u001b[0m \u001b[0m\u001b[0m\u001b[1m\u001b[38;5;12m|\u001b[0m\u001b[0m \u001b[0m\u001b[0m#[derive(Builder, Clone, PartialEq)]\u001b[0m\n\u001b[0m    \u001b[0m\u001b[0m\u001b[1m\u001b[38;5;12m|\u001b[0m\u001b[0m                          \u001b[0m\u001b[0m\u001b[1m\u001b[38;5;12m---------\u001b[0m\u001b[0m \u001b[0m\u001b[0m\u001b[1m\u001b[38;5;12min this derive macro expansion\u001b[0m\n\u001b[0m\u001b[1m\u001b[38;5;12m160\u001b[0m\u001b[0m \u001b[0m\u001b[0m\u001b[1m\u001b[38;5;12m|\u001b[0m\u001b[0m \u001b[0m\u001b[0mpub struct BundledNode {\u001b[0m\n\u001b[0m\u001b[1m\u001b[38;5;12m161\u001b[0m\u001b[0m \u001b[0m\u001b[0m\u001b[1m\u001b[38;5;12m|\u001b[0m\u001b[0m \u001b[0m\u001b[0m    bundle: NodeContainer,\u001b[0m\n\u001b[0m    \u001b[0m\u001b[0m\u001b[1m\u001b[38;5;12m|\u001b[0m\u001b[0m     \u001b[0m\u001b[0m\u001b[1m\u001b[38;5;9m^^^^^^^^^^^^^^^^^^^^^\u001b[0m\n\u001b[0m    \u001b[0m\u001b[0m\u001b[1m\u001b[38;5;12m|\u001b[0m\n\u001b[0m    \u001b[0m\u001b[0m\u001b[1m\u001b[38;5;12m= \u001b[0m\u001b[0m\u001b[1mnote\u001b[0m\u001b[0m: this error originates in the derive macro `PartialEq` (in Nightly builds, run with -Z macro-backtrace for more info)\u001b[0m\n\n"}
{"$message_type":"diagnostic","message":"cannot move out of `*self` which is behind a shared reference","code":{"code":"E0507","explanation":"A borrowed value was moved out.\n\nErroneous code example:\n\n```compile_fail,E0507\nuse std::cell::RefCell;\n\nstruct TheDarkKnight;\n\nimpl TheDarkKnight {\n    fn nothing_is_true(self) {}\n}\n\nfn main() {\n    let x = RefCell::new(TheDarkKnight);\n\n    x.borrow().nothing_is_true(); // error: cannot move out of borrowed content\n}\n```\n\nHere, the `nothing_is_true` method takes the ownership of `self`. However,\n`self` cannot be moved because `.borrow()` only provides an `&TheDarkKnight`,\nwhich is a borrow of the content owned by the `RefCell`. To fix this error,\nyou have three choices:\n\n* Try to avoid moving the variable.\n* Somehow reclaim the ownership.\n* Implement the `Copy` trait on the type.\n\nThis can also happen when using a type implementing `Fn` or `FnMut`, as neither\nallows moving out of them (they usually represent closures which can be called\nmore than once). Much of the text following applies equally well to non-`FnOnce`\nclosure bodies.\n\nExamples:\n\n```\nuse std::cell::RefCell;\n\nstruct TheDarkKnight;\n\nimpl TheDarkKnight {\n    fn nothing_is_true(&self) {} // First case, we don't take ownership\n}\n\nfn main() {\n    let x = RefCell::new(TheDarkKnight);\n\n    x.borrow().nothing_is_true(); // ok!\n}\n```\n\nOr:\n\n```\nuse std::cell::RefCell;\n\nstruct TheDarkKnight;\n\nimpl TheDarkKnight {\n    fn nothing_is_true(self) {}\n}\n\nfn main() {\n    let x = RefCell::new(TheDarkKnight);\n    let x = x.into_inner(); // we get back ownership\n\n    x.nothing_is_true(); // ok!\n}\n```\n\nOr:\n\n```\nuse std::cell::RefCell;\n\n#[derive(Clone, Copy)] // we implement the Copy trait\nstruct TheDarkKnight;\n\nimpl TheDarkKnight {\n    fn nothing_is_true(self) {}\n}\n\nfn main() {\n    let x = RefCell::new(TheDarkKnight);\n\n    x.borrow().nothing_is_true(); // ok!\n}\n```\n\nMoving a member out of a mutably borrowed struct will also cause E0507 error:\n\n```compile_fail,E0507\nstruct TheDarkKnight;\n\nimpl TheDarkKnight {\n    fn nothing_is_true(self) {}\n}\n\nstruct Batcave {\n    knight: TheDarkKnight\n}\n\nfn main() {\n    let mut cave = Batcave {\n        knight: TheDarkKnight\n    };\n    let borrowed = &mut cave;\n\n    borrowed.knight.nothing_is_true(); // E0507\n}\n```\n\nIt is fine only if you put something back. `mem::replace` can be used for that:\n\n```\n# struct TheDarkKnight;\n# impl TheDarkKnight { fn nothing_is_true(self) {} }\n# struct Batcave { knight: TheDarkKnight }\nuse std::mem;\n\nlet mut cave = Batcave {\n    knight: TheDarkKnight\n};\nlet borrowed = &mut cave;\n\nmem::replace(&mut borrowed.knight, TheDarkKnight).nothing_is_true(); // ok!\n```\n\nFor more information on Rust's ownership system, take a look at the\n[References & Borrowing][references-and-borrowing] section of the Book.\n\n[references-and-borrowing]: https://doc.rust-lang.org/book/ch04-02-references-and-borrowing.html\n"},"level":"error","spans":[{"file_name":"src/utils/mod.rs","byte_start":430,"byte_end":435,"line_start":18,"line_end":18,"column_start":27,"column_end":32,"is_primary":true,"text":[{"text":"        WeakContext::from(*self)","highlight_start":27,"highlight_end":32}],"label":"move occurs because `*self` has type `StrongContext<T>`, which does not implement the `Copy` trait","suggested_replacement":null,"suggestion_applicability":null,"expansion":null}],"children":[{"message":"if `StrongContext<T>` implemented `Clone`, you could clone the value","code":null,"level":"note","spans":[{"file_name":"src/utils/mod.rs","byte_start":265,"byte_end":292,"line_start":13,"line_end":13,"column_start":1,"column_end":28,"is_primary":true,"text":[{"text":"pub struct StrongContext<T> {","highlight_start":1,"highlight_end":28}],"label":"consider implementing `Clone` for this type","suggested_replacement":null,"suggestion_applicability":null,"expansion":null},{"file_name":"src/utils/mod.rs","byte_start":430,"byte_end":435,"line_start":18,"line_end":18,"column_start":27,"column_end":32,"is_primary":false,"text":[{"text":"        WeakContext::from(*self)","highlight_start":27,"highlight_end":32}],"label":"you could clone this value","suggested_replacement":null,"suggestion_applicability":null,"expansion":null}],"children":[],"rendered":null}],"rendered":"\u001b[0m\u001b[1m\u001b[38;5;9merror[E0507]\u001b[0m\u001b[0m\u001b[1m: cannot move out of `*self` which is behind a shared reference\u001b[0m\n\u001b[0m  \u001b[0m\u001b[0m\u001b[1m\u001b[38;5;12m--> \u001b[0m\u001b[0msrc/utils/mod.rs:18:27\u001b[0m\n\u001b[0m   \u001b[0m\u001b[0m\u001b[1m\u001b[38;5;12m|\u001b[0m\n\u001b[0m\u001b[1m\u001b[38;5;12m18\u001b[0m\u001b[0m \u001b[0m\u001b[0m\u001b[1m\u001b[38;5;12m|\u001b[0m\u001b[0m \u001b[0m\u001b[0m        WeakContext::from(*self)\u001b[0m\n\u001b[0m   \u001b[0m\u001b[0m\u001b[1m\u001b[38;5;12m|\u001b[0m\u001b[0m                           \u001b[0m\u001b[0m\u001b[1m\u001b[38;5;9m^^^^^\u001b[0m\u001b[0m \u001b[0m\u001b[0m\u001b[1m\u001b[38;5;9mmove occurs because `*self` has type `StrongContext<T>`, which does not implement the `Copy` trait\u001b[0m\n\u001b[0m   \u001b[0m\u001b[0m\u001b[1m\u001b[38;5;12m|\u001b[0m\n\u001b[0m\u001b[1m\u001b[38;5;10mnote\u001b[0m\u001b[0m: if `StrongContext<T>` implemented `Clone`, you could clone the value\u001b[0m\n\u001b[0m  \u001b[0m\u001b[0m\u001b[1m\u001b[38;5;12m--> \u001b[0m\u001b[0msrc/utils/mod.rs:13:1\u001b[0m\n\u001b[0m   \u001b[0m\u001b[0m\u001b[1m\u001b[38;5;12m|\u001b[0m\n\u001b[0m\u001b[1m\u001b[38;5;12m13\u001b[0m\u001b[0m \u001b[0m\u001b[0m\u001b[1m\u001b[38;5;12m|\u001b[0m\u001b[0m \u001b[0m\u001b[0mpub struct StrongContext<T> {\u001b[0m\n\u001b[0m   \u001b[0m\u001b[0m\u001b[1m\u001b[38;5;12m|\u001b[0m\u001b[0m \u001b[0m\u001b[0m\u001b[1m\u001b[38;5;10m^^^^^^^^^^^^^^^^^^^^^^^^^^^\u001b[0m\u001b[0m \u001b[0m\u001b[0m\u001b[1m\u001b[38;5;10mconsider implementing `Clone` for this type\u001b[0m\n\u001b[0m\u001b[1m\u001b[38;5;12m...\u001b[0m\n\u001b[0m\u001b[1m\u001b[38;5;12m18\u001b[0m\u001b[0m \u001b[0m\u001b[0m\u001b[1m\u001b[38;5;12m|\u001b[0m\u001b[0m \u001b[0m\u001b[0m        WeakContext::from(*self)\u001b[0m\n\u001b[0m   \u001b[0m\u001b[0m\u001b[1m\u001b[38;5;12m|\u001b[0m\u001b[0m                           \u001b[0m\u001b[0m\u001b[1m\u001b[38;5;12m-----\u001b[0m\u001b[0m \u001b[0m\u001b[0m\u001b[1m\u001b[38;5;12myou could clone this value\u001b[0m\n\n"}
{"$message_type":"diagnostic","message":"cannot move out of `*self` which is behind a shared reference","code":{"code":"E0507","explanation":"A borrowed value was moved out.\n\nErroneous code example:\n\n```compile_fail,E0507\nuse std::cell::RefCell;\n\nstruct TheDarkKnight;\n\nimpl TheDarkKnight {\n    fn nothing_is_true(self) {}\n}\n\nfn main() {\n    let x = RefCell::new(TheDarkKnight);\n\n    x.borrow().nothing_is_true(); // error: cannot move out of borrowed content\n}\n```\n\nHere, the `nothing_is_true` method takes the ownership of `self`. However,\n`self` cannot be moved because `.borrow()` only provides an `&TheDarkKnight`,\nwhich is a borrow of the content owned by the `RefCell`. To fix this error,\nyou have three choices:\n\n* Try to avoid moving the variable.\n* Somehow reclaim the ownership.\n* Implement the `Copy` trait on the type.\n\nThis can also happen when using a type implementing `Fn` or `FnMut`, as neither\nallows moving out of them (they usually represent closures which can be called\nmore than once). Much of the text following applies equally well to non-`FnOnce`\nclosure bodies.\n\nExamples:\n\n```\nuse std::cell::RefCell;\n\nstruct TheDarkKnight;\n\nimpl TheDarkKnight {\n    fn nothing_is_true(&self) {} // First case, we don't take ownership\n}\n\nfn main() {\n    let x = RefCell::new(TheDarkKnight);\n\n    x.borrow().nothing_is_true(); // ok!\n}\n```\n\nOr:\n\n```\nuse std::cell::RefCell;\n\nstruct TheDarkKnight;\n\nimpl TheDarkKnight {\n    fn nothing_is_true(self) {}\n}\n\nfn main() {\n    let x = RefCell::new(TheDarkKnight);\n    let x = x.into_inner(); // we get back ownership\n\n    x.nothing_is_true(); // ok!\n}\n```\n\nOr:\n\n```\nuse std::cell::RefCell;\n\n#[derive(Clone, Copy)] // we implement the Copy trait\nstruct TheDarkKnight;\n\nimpl TheDarkKnight {\n    fn nothing_is_true(self) {}\n}\n\nfn main() {\n    let x = RefCell::new(TheDarkKnight);\n\n    x.borrow().nothing_is_true(); // ok!\n}\n```\n\nMoving a member out of a mutably borrowed struct will also cause E0507 error:\n\n```compile_fail,E0507\nstruct TheDarkKnight;\n\nimpl TheDarkKnight {\n    fn nothing_is_true(self) {}\n}\n\nstruct Batcave {\n    knight: TheDarkKnight\n}\n\nfn main() {\n    let mut cave = Batcave {\n        knight: TheDarkKnight\n    };\n    let borrowed = &mut cave;\n\n    borrowed.knight.nothing_is_true(); // E0507\n}\n```\n\nIt is fine only if you put something back. `mem::replace` can be used for that:\n\n```\n# struct TheDarkKnight;\n# impl TheDarkKnight { fn nothing_is_true(self) {} }\n# struct Batcave { knight: TheDarkKnight }\nuse std::mem;\n\nlet mut cave = Batcave {\n    knight: TheDarkKnight\n};\nlet borrowed = &mut cave;\n\nmem::replace(&mut borrowed.knight, TheDarkKnight).nothing_is_true(); // ok!\n```\n\nFor more information on Rust's ownership system, take a look at the\n[References & Borrowing][references-and-borrowing] section of the Book.\n\n[references-and-borrowing]: https://doc.rust-lang.org/book/ch04-02-references-and-borrowing.html\n"},"level":"error","spans":[{"file_name":"src/utils/mod.rs","byte_start":1391,"byte_end":1396,"line_start":55,"line_end":55,"column_start":42,"column_end":47,"is_primary":true,"text":[{"text":"        Option::<StrongContext<T>>::from(*self)","highlight_start":42,"highlight_end":47}],"label":"move occurs because `*self` has type `WeakContext<T>`, which does not implement the `Copy` trait","suggested_replacement":null,"suggestion_applicability":null,"expansion":null}],"children":[{"message":"if `WeakContext<T>` implemented `Clone`, you could clone the value","code":null,"level":"note","spans":[{"file_name":"src/utils/mod.rs","byte_start":1214,"byte_end":1239,"line_start":50,"line_end":50,"column_start":1,"column_end":26,"is_primary":true,"text":[{"text":"pub struct WeakContext<T> {","highlight_start":1,"highlight_end":26}],"label":"consider implementing `Clone` for this type","suggested_replacement":null,"suggestion_applicability":null,"expansion":null},{"file_name":"src/utils/mod.rs","byte_start":1391,"byte_end":1396,"line_start":55,"line_end":55,"column_start":42,"column_end":47,"is_primary":false,"text":[{"text":"        Option::<StrongContext<T>>::from(*self)","highlight_start":42,"highlight_end":47}],"label":"you could clone this value","suggested_replacement":null,"suggestion_applicability":null,"expansion":null}],"children":[],"rendered":null}],"rendered":"\u001b[0m\u001b[1m\u001b[38;5;9merror[E0507]\u001b[0m\u001b[0m\u001b[1m: cannot move out of `*self` which is behind a shared reference\u001b[0m\n\u001b[0m  \u001b[0m\u001b[0m\u001b[1m\u001b[38;5;12m--> \u001b[0m\u001b[0msrc/utils/mod.rs:55:42\u001b[0m\n\u001b[0m   \u001b[0m\u001b[0m\u001b[1m\u001b[38;5;12m|\u001b[0m\n\u001b[0m\u001b[1m\u001b[38;5;12m55\u001b[0m\u001b[0m \u001b[0m\u001b[0m\u001b[1m\u001b[38;5;12m|\u001b[0m\u001b[0m \u001b[0m\u001b[0m        Option::<StrongContext<T>>::from(*self)\u001b[0m\n\u001b[0m   \u001b[0m\u001b[0m\u001b[1m\u001b[38;5;12m|\u001b[0m\u001b[0m                                          \u001b[0m\u001b[0m\u001b[1m\u001b[38;5;9m^^^^^\u001b[0m\u001b[0m \u001b[0m\u001b[0m\u001b[1m\u001b[38;5;9mmove occurs because `*self` has type `WeakContext<T>`, which does not implement the `Copy` trait\u001b[0m\n\u001b[0m   \u001b[0m\u001b[0m\u001b[1m\u001b[38;5;12m|\u001b[0m\n\u001b[0m\u001b[1m\u001b[38;5;10mnote\u001b[0m\u001b[0m: if `WeakContext<T>` implemented `Clone`, you could clone the value\u001b[0m\n\u001b[0m  \u001b[0m\u001b[0m\u001b[1m\u001b[38;5;12m--> \u001b[0m\u001b[0msrc/utils/mod.rs:50:1\u001b[0m\n\u001b[0m   \u001b[0m\u001b[0m\u001b[1m\u001b[38;5;12m|\u001b[0m\n\u001b[0m\u001b[1m\u001b[38;5;12m50\u001b[0m\u001b[0m \u001b[0m\u001b[0m\u001b[1m\u001b[38;5;12m|\u001b[0m\u001b[0m \u001b[0m\u001b[0mpub struct WeakContext<T> {\u001b[0m\n\u001b[0m   \u001b[0m\u001b[0m\u001b[1m\u001b[38;5;12m|\u001b[0m\u001b[0m \u001b[0m\u001b[0m\u001b[1m\u001b[38;5;10m^^^^^^^^^^^^^^^^^^^^^^^^^\u001b[0m\u001b[0m \u001b[0m\u001b[0m\u001b[1m\u001b[38;5;10mconsider implementing `Clone` for this type\u001b[0m\n\u001b[0m\u001b[1m\u001b[38;5;12m...\u001b[0m\n\u001b[0m\u001b[1m\u001b[38;5;12m55\u001b[0m\u001b[0m \u001b[0m\u001b[0m\u001b[1m\u001b[38;5;12m|\u001b[0m\u001b[0m \u001b[0m\u001b[0m        Option::<StrongContext<T>>::from(*self)\u001b[0m\n\u001b[0m   \u001b[0m\u001b[0m\u001b[1m\u001b[38;5;12m|\u001b[0m\u001b[0m                                          \u001b[0m\u001b[0m\u001b[1m\u001b[38;5;12m-----\u001b[0m\u001b[0m \u001b[0m\u001b[0m\u001b[1m\u001b[38;5;12myou could clone this value\u001b[0m\n\n"}
{"$message_type":"diagnostic","message":"aborting due to 11 previous errors","code":null,"level":"error","spans":[],"children":[],"rendered":"\u001b[0m\u001b[1m\u001b[38;5;9merror\u001b[0m\u001b[0m\u001b[1m: aborting due to 11 previous errors\u001b[0m\n\n"}
{"$message_type":"diagnostic","message":"Some errors have detailed explanations: E0369, E0412, E0432, E0433, E0507, E0599.","code":null,"level":"failure-note","spans":[],"children":[],"rendered":"\u001b[0m\u001b[1mSome errors have detailed explanations: E0369, E0412, E0432, E0433, E0507, E0599.\u001b[0m\n"}
{"$message_type":"diagnostic","message":"For more information about an error, try `rustc --explain E0369`.","code":null,"level":"failure-note","spans":[],"children":[],"rendered":"\u001b[0m\u001b[1mFor more information about an error, try `rustc --explain E0369`.\u001b[0m\n"}
